INFO  10:05:54 Application started. Press Ctrl+C to shut down.
INFO  10:05:54 Hosting environment: Development
INFO  10:05:54 Content root path: D:\Retail-Product-Management-main\ProceedToBuy\ProceedToBuy
INFO  12:09:26 Application started. Press Ctrl+C to shut down.
INFO  12:09:26 Hosting environment: Development
INFO  12:09:26 Content root path: D:\Retail-Product-Management-main\ProceedToBuy\ProceedToBuy
INFO  12:15:23 Adding to Cart
INFO  12:16:21 Adding to Cart
INFO  12:16:36 Checking out
INFO  08:22:41 Application started. Press Ctrl+C to shut down.
INFO  08:22:41 Hosting environment: Development
INFO  08:22:41 Content root path: D:\Retail-Product-Management-main\ProceedToBuy\ProceedToBuy
INFO  08:32:09 Application started. Press Ctrl+C to shut down.
INFO  08:32:09 Hosting environment: Development
INFO  08:32:09 Content root path: D:\Retail-Product-Management-main\ProceedToBuy\ProceedToBuy
INFO  08:47:00 Application started. Press Ctrl+C to shut down.
INFO  08:47:00 Hosting environment: Development
INFO  08:47:00 Content root path: D:\Retail-Product-Management-main\ProceedToBuy\ProceedToBuy
INFO  12:45:53 Application started. Press Ctrl+C to shut down.
INFO  12:45:53 Hosting environment: Development
INFO  12:45:53 Content root path: D:\Retail-Product-Management-main\ProceedToBuy\ProceedToBuy
INFO  10:08:34 Application started. Press Ctrl+C to shut down.
INFO  10:08:34 Hosting environment: Development
INFO  10:08:34 Content root path: D:\Retail-Product-Management-main\ProceedToBuy\ProceedToBuy
INFO  10:14:41 Application started. Press Ctrl+C to shut down.
INFO  10:14:41 Hosting environment: Development
INFO  10:14:41 Content root path: D:\Retail-Product-Management-main\ProceedToBuy\ProceedToBuy
INFO  11:36:05 Application started. Press Ctrl+C to shut down.
INFO  11:36:05 Hosting environment: Development
INFO  11:36:05 Content root path: D:\Retail-Product-Management-main\ProceedToBuy\ProceedToBuy
INFO  11:41:09 Adding to Cart
INFO  11:41:41 Checking out
INFO  11:44:12 Adding to Cart
INFO  11:44:49 Adding to Cart
INFO  11:46:32 Adding to Cart
INFO  09:48:57 Application started. Press Ctrl+C to shut down.
INFO  09:48:57 Hosting environment: Development
INFO  09:48:57 Content root path: D:\Retail-Product-Management-main\ProceedToBuy\ProceedToBuy
INFO  09:52:44 Adding to Cart
INFO  11:30:44 Application started. Press Ctrl+C to shut down.
INFO  11:30:44 Hosting environment: Development
INFO  11:30:44 Content root path: D:\Retail-Product-Management-main\ProceedToBuy\ProceedToBuy
INFO  12:25:12 Application started. Press Ctrl+C to shut down.
INFO  12:25:12 Hosting environment: Development
INFO  12:25:12 Content root path: D:\Retail-Product-Management-main\ProceedToBuy\ProceedToBuy
INFO  12:29:30 Application started. Press Ctrl+C to shut down.
INFO  12:29:30 Hosting environment: Development
INFO  12:29:30 Content root path: D:\Retail-Product-Management-main\ProceedToBuy\ProceedToBuy
INFO  12:32:20 Adding to Cart
INFO  12:36:12 Adding to Cart
INFO  08:18:13 Application started. Press Ctrl+C to shut down.
INFO  08:18:13 Hosting environment: Development
INFO  08:18:13 Content root path: D:\Retail-Product-Management-main\ProceedToBuy\ProceedToBuy
INFO  08:21:02 Application started. Press Ctrl+C to shut down.
INFO  08:21:02 Hosting environment: Development
INFO  08:21:02 Content root path: D:\Retail-Product-Management-main\ProceedToBuy\ProceedToBuy
INFO  08:25:09 Adding to Cart
INFO  08:25:36 Checking out
INFO  08:25:54 Adding to Cart
INFO  08:27:00 Adding to Cart
INFO  08:27:12 Adding to Cart
INFO  08:27:17 Posting WishList
INFO  08:33:53 Adding to Cart
INFO  08:35:23 Adding to Cart
INFO  11:45:06 Application started. Press Ctrl+C to shut down.
INFO  11:45:06 Hosting environment: Development
INFO  11:45:06 Content root path: D:\Retail-Product-Management-main\ProceedToBuy\ProceedToBuy
INFO  12:19:42 Application started. Press Ctrl+C to shut down.
INFO  12:19:42 Hosting environment: Development
INFO  12:19:42 Content root path: D:\Retail-Product-Management-main\ProceedToBuy\ProceedToBuy
INFO  12:29:18 Adding to Cart
INFO  12:36:15 Adding to Cart
INFO  12:37:33 Application started. Press Ctrl+C to shut down.
INFO  12:37:33 Hosting environment: Development
INFO  12:37:33 Content root path: D:\Retail-Product-Management-main\ProceedToBuy\ProceedToBuy
INFO  12:39:12 Adding to Cart
INFO  12:40:00 Adding to Cart
INFO  12:54:25 Application started. Press Ctrl+C to shut down.
INFO  12:54:25 Hosting environment: Development
INFO  12:54:25 Content root path: D:\Retail-Product-Management-main\ProceedToBuy\ProceedToBuy
INFO  12:55:29 Adding to Cart
INFO  12:56:19 Adding to Cart
INFO  12:56:37 Adding to Cart
INFO  12:57:59 Checking out
INFO  01:10:40 Application started. Press Ctrl+C to shut down.
INFO  01:10:40 Hosting environment: Development
INFO  01:10:40 Content root path: D:\Retail-Product-Management-main\ProceedToBuy\ProceedToBuy
INFO  01:11:47 Adding to Cart
INFO  01:12:02 Adding to Cart
INFO  11:34:21 Application started. Press Ctrl+C to shut down.
INFO  11:34:21 Hosting environment: Development
INFO  11:34:21 Content root path: D:\Retail-Product-Management-main\ProceedToBuy\ProceedToBuy
INFO  11:36:54 Adding to Cart
INFO  11:37:24 Posting WishList
INFO  11:37:30 Checking out
INFO  11:39:18 Adding to Cart
INFO  11:38:46 Application started. Press Ctrl+C to shut down.
INFO  11:38:46 Hosting environment: Development
INFO  11:38:46 Content root path: D:\Retail-Product-Management-main\ProceedToBuy\ProceedToBuy
INFO  11:39:06 Application started. Press Ctrl+C to shut down.
INFO  11:39:06 Hosting environment: Development
INFO  11:39:06 Content root path: D:\Retail-Product-Management-main\ProceedToBuy\ProceedToBuy
INFO  11:44:29 Adding to Cart
INFO  11:44:50 Adding to Cart
INFO  11:45:01 Posting WishList
INFO  11:45:24 Adding to Cart
INFO  12:02:44 Application started. Press Ctrl+C to shut down.
INFO  12:02:44 Hosting environment: Development
INFO  12:02:44 Content root path: D:\Retail-Product-Management-main\ProceedToBuy\ProceedToBuy
INFO  12:51:37 Application started. Press Ctrl+C to shut down.
INFO  12:51:37 Hosting environment: Development
INFO  12:51:37 Content root path: D:\Retail-Product-Management-main\ProceedToBuy\ProceedToBuy
INFO  01:33:16 Application started. Press Ctrl+C to shut down.
INFO  01:33:16 Hosting environment: Development
INFO  01:33:16 Content root path: D:\Retail-Product-Management-main\ProceedToBuy\ProceedToBuy
INFO  12:01:51 Application started. Press Ctrl+C to shut down.
INFO  12:01:51 Hosting environment: Development
INFO  12:01:51 Content root path: D:\Retail-Product-Management-main\ProceedToBuy\ProceedToBuy
INFO  12:06:13 Adding to Cart
INFO  12:06:49 Adding to Cart
INFO  12:07:25 Adding to Cart
INFO  12:07:55 Checking out
INFO  12:17:54 Adding to Cart
INFO  12:18:04 Adding to Cart
INFO  12:18:09 Posting WishList
INFO  12:18:21 Adding to Cart
INFO  12:18:34 Adding to Cart
INFO  12:19:00 Adding to Cart
INFO  12:19:10 Checking out
